This file contains any messages produced by compilers while
running configure, to aid debugging if configure makes a mistake.

It was created by dersubj configure 0.1, which was
generated by GNU Autoconf 2.69.  Invocation command line was

  $ ./configure 

## --------- ##
## Platform. ##
## --------- ##

hostname = goldstein
uname -m = x86_64
uname -r = 4.12.13-1-ARCH
uname -s = Linux
uname -v = #1 SMP PREEMPT Fri Sep 15 06:36:43 UTC 2017

/usr/bin/uname -p = unknown
/bin/uname -X     = unknown

/bin/arch              = unknown
/usr/bin/arch -k       = unknown
/usr/convex/getsysinfo = unknown
/usr/bin/hostinfo      = unknown
/bin/machine           = unknown
/usr/bin/oslevel       = unknown
/bin/universe          = unknown

PATH: /usr/local/sbin
PATH: /usr/local/bin
PATH: /usr/bin
PATH: /usr/bin/site_perl
PATH: /usr/bin/vendor_perl
PATH: /usr/bin/core_perl


## ----------- ##
## Core tests. ##
## ----------- ##

configure:1996: checking for a BSD-compatible install
configure:2064: result: /usr/bin/install -c
configure:2075: checking whether build environment is sane
configure:2130: result: yes
configure:2168: WARNING: 'missing' script is too old or missing
configure:2281: checking for a thread-safe mkdir -p
configure:2320: result: /usr/bin/mkdir -p
configure:2327: checking for gawk
configure:2343: found /usr/bin/gawk
configure:2354: result: gawk
configure:2365: checking whether make sets $(MAKE)
configure:2387: result: yes
configure:2416: checking whether make supports nested variables
configure:2433: result: yes
configure:2622: checking for g++
configure:2638: found /usr/bin/g++
configure:2649: result: g++
configure:2676: checking for C++ compiler version
configure:2685: g++ --version >&5
g++ (GCC) 7.2.0
Copyright (C) 2017 Free Software Foundation, Inc.
This is free software; see the source for copying conditions.  There is NO
warranty; not even for MERCHANTABILITY or FITNESS FOR A PARTICULAR PURPOSE.

configure:2696: $? = 0
configure:2685: g++ -v >&5
Using built-in specs.
COLLECT_GCC=g++
COLLECT_LTO_WRAPPER=/usr/lib/gcc/x86_64-pc-linux-gnu/7.2.0/lto-wrapper
Target: x86_64-pc-linux-gnu
Configured with: /build/gcc/src/gcc/configure --prefix=/usr --libdir=/usr/lib --libexecdir=/usr/lib --mandir=/usr/share/man --infodir=/usr/share/info --with-bugurl=https://bugs.archlinux.org/ --enable-languages=c,c++,ada,fortran,go,lto,objc,obj-c++ --enable-shared --enable-threads=posix --enable-libmpx --with-system-zlib --with-isl --enable-__cxa_atexit --disable-libunwind-exceptions --enable-clocale=gnu --disable-libstdcxx-pch --disable-libssp --enable-gnu-unique-object --enable-linker-build-id --enable-lto --enable-plugin --enable-install-libiberty --with-linker-hash-style=gnu --enable-gnu-indirect-function --disable-multilib --disable-werror --enable-checking=release --enable-default-pie --enable-default-ssp
Thread model: posix
gcc version 7.2.0 (GCC) 
configure:2696: $? = 0
configure:2685: g++ -V >&5
g++: error: unrecognized command line option '-V'
g++: fatal error: no input files
compilation terminated.
configure:2696: $? = 1
configure:2685: g++ -qversion >&5
g++: error: unrecognized command line option '-qversion'; did you mean '--version'?
g++: fatal error: no input files
compilation terminated.
configure:2696: $? = 1
configure:2716: checking whether the C++ compiler works
configure:2738: g++    conftest.cpp  >&5
configure:2742: $? = 0
configure:2790: result: yes
configure:2793: checking for C++ compiler default output file name
configure:2795: result: a.out
configure:2801: checking for suffix of executables
configure:2808: g++ -o conftest    conftest.cpp  >&5
configure:2812: $? = 0
configure:2834: result: 
configure:2856: checking whether we are cross compiling
configure:2864: g++ -o conftest    conftest.cpp  >&5
configure:2868: $? = 0
configure:2875: ./conftest
configure:2879: $? = 0
configure:2894: result: no
configure:2899: checking for suffix of object files
configure:2921: g++ -c   conftest.cpp >&5
configure:2925: $? = 0
configure:2946: result: o
configure:2950: checking whether we are using the GNU C++ compiler
configure:2969: g++ -c   conftest.cpp >&5
configure:2969: $? = 0
configure:2978: result: yes
configure:2987: checking whether g++ accepts -g
configure:3007: g++ -c -g  conftest.cpp >&5
configure:3007: $? = 0
configure:3048: result: yes
configure:3082: checking for style of include used by make
configure:3110: result: GNU
configure:3136: checking dependency style of g++
configure:3247: result: none
configure:3310: checking for gcc
configure:3326: found /usr/bin/gcc
configure:3337: result: gcc
configure:3566: checking for C compiler version
configure:3575: gcc --version >&5
gcc (GCC) 7.2.0
Copyright (C) 2017 Free Software Foundation, Inc.
This is free software; see the source for copying conditions.  There is NO
warranty; not even for MERCHANTABILITY or FITNESS FOR A PARTICULAR PURPOSE.

configure:3586: $? = 0
configure:3575: gcc -v >&5
Using built-in specs.
COLLECT_GCC=gcc
COLLECT_LTO_WRAPPER=/usr/lib/gcc/x86_64-pc-linux-gnu/7.2.0/lto-wrapper
Target: x86_64-pc-linux-gnu
Configured with: /build/gcc/src/gcc/configure --prefix=/usr --libdir=/usr/lib --libexecdir=/usr/lib --mandir=/usr/share/man --infodir=/usr/share/info --with-bugurl=https://bugs.archlinux.org/ --enable-languages=c,c++,ada,fortran,go,lto,objc,obj-c++ --enable-shared --enable-threads=posix --enable-libmpx --with-system-zlib --with-isl --enable-__cxa_atexit --disable-libunwind-exceptions --enable-clocale=gnu --disable-libstdcxx-pch --disable-libssp --enable-gnu-unique-object --enable-linker-build-id --enable-lto --enable-plugin --enable-install-libiberty --with-linker-hash-style=gnu --enable-gnu-indirect-function --disable-multilib --disable-werror --enable-checking=release --enable-default-pie --enable-default-ssp
Thread model: posix
gcc version 7.2.0 (GCC) 
configure:3586: $? = 0
configure:3575: gcc -V >&5
gcc: error: unrecognized command line option '-V'
gcc: fatal error: no input files
compilation terminated.
configure:3586: $? = 1
configure:3575: gcc -qversion >&5
gcc: error: unrecognized command line option '-qversion'; did you mean '--version'?
gcc: fatal error: no input files
compilation terminated.
configure:3586: $? = 1
configure:3590: checking whether we are using the GNU C compiler
configure:3609: gcc -c   conftest.c >&5
configure:3609: $? = 0
configure:3618: result: yes
configure:3627: checking whether gcc accepts -g
configure:3647: gcc -c -g  conftest.c >&5
configure:3647: $? = 0
configure:3688: result: yes
configure:3705: checking for gcc option to accept ISO C89
configure:3768: gcc  -c -g -O2  conftest.c >&5
configure:3768: $? = 0
configure:3781: result: none needed
configure:3806: checking whether gcc understands -c and -o together
configure:3828: gcc -c conftest.c -o conftest2.o
configure:3831: $? = 0
configure:3828: gcc -c conftest.c -o conftest2.o
configure:3831: $? = 0
configure:3843: result: yes
configure:3862: checking dependency style of gcc
configure:3973: result: none
configure:3992: checking for ERR_load_crypto_strings in -lcrypto
configure:4017: gcc -o conftest -g -O2   conftest.c -lcrypto   >&5
/tmp/ccNqZ3O1.o: In function `main':
/home/teixeira/workspace/dersubj/conftest.c:22: undefined reference to `ERR_load_crypto_strings'
collect2: error: ld returned 1 exit status
configure:4017: $? = 1
configure: failed program was:
| /* confdefs.h */
| #define PACKAGE_NAME "dersubj"
| #define PACKAGE_TARNAME "dersubj"
| #define PACKAGE_VERSION "0.1"
| #define PACKAGE_STRING "dersubj 0.1"
| #define PACKAGE_BUGREPORT "antoniolrt@gmail.com"
| #define PACKAGE_URL ""
| #define PACKAGE "dersubj"
| #define VERSION "0.1"
| /* end confdefs.h.  */
| 
| /* Override any GCC internal prototype to avoid an error.
|    Use char because int might match the return type of a GCC
|    builtin and then its argument prototype would still apply.  */
| #ifdef __cplusplus
| extern "C"
| #endif
| char ERR_load_crypto_strings ();
| int
| main ()
| {
| return ERR_load_crypto_strings ();
|   ;
|   return 0;
| }
configure:4026: result: no
configure:4057: checking build system type
configure:4071: result: x86_64-pc-linux-gnu
configure:4091: checking host system type
configure:4104: result: x86_64-pc-linux-gnu
configure:4149: checking for ld used by gcc
configure:4216: result: /usr/bin/ld
configure:4223: checking if the linker (/usr/bin/ld) is GNU ld
configure:4238: result: yes
configure:4245: checking for shared library run path origin
configure:4258: result: done
configure:4282: checking how to run the C preprocessor
configure:4313: gcc -E  conftest.c
configure:4313: $? = 0
configure:4327: gcc -E  conftest.c
conftest.c:11:10: fatal error: ac_nonexistent.h: No such file or directory
 #include <ac_nonexistent.h>
          ^~~~~~~~~~~~~~~~~~
compilation terminated.
configure:4327: $? = 1
configure: failed program was:
| /* confdefs.h */
| #define PACKAGE_NAME "dersubj"
| #define PACKAGE_TARNAME "dersubj"
| #define PACKAGE_VERSION "0.1"
| #define PACKAGE_STRING "dersubj 0.1"
| #define PACKAGE_BUGREPORT "antoniolrt@gmail.com"
| #define PACKAGE_URL ""
| #define PACKAGE "dersubj"
| #define VERSION "0.1"
| /* end confdefs.h.  */
| #include <ac_nonexistent.h>
configure:4352: result: gcc -E
configure:4372: gcc -E  conftest.c
configure:4372: $? = 0
configure:4386: gcc -E  conftest.c
conftest.c:11:10: fatal error: ac_nonexistent.h: No such file or directory
 #include <ac_nonexistent.h>
          ^~~~~~~~~~~~~~~~~~
compilation terminated.
configure:4386: $? = 1
configure: failed program was:
| /* confdefs.h */
| #define PACKAGE_NAME "dersubj"
| #define PACKAGE_TARNAME "dersubj"
| #define PACKAGE_VERSION "0.1"
| #define PACKAGE_STRING "dersubj 0.1"
| #define PACKAGE_BUGREPORT "antoniolrt@gmail.com"
| #define PACKAGE_URL ""
| #define PACKAGE "dersubj"
| #define VERSION "0.1"
| /* end confdefs.h.  */
| #include <ac_nonexistent.h>
configure:4415: checking for grep that handles long lines and -e
configure:4473: result: /usr/bin/grep
configure:4478: checking for egrep
configure:4540: result: /usr/bin/grep -E
configure:4613: checking how to link with libcrypto
configure:5086: result: -lcrypto
configure:5239: checking that generated files are newer than configure
configure:5245: result: done
configure:5272: creating ./config.status

## ---------------------- ##
## Running config.status. ##
## ---------------------- ##

This file was extended by dersubj config.status 0.1, which was
generated by GNU Autoconf 2.69.  Invocation command line was

  CONFIG_FILES    = 
  CONFIG_HEADERS  = 
  CONFIG_LINKS    = 
  CONFIG_COMMANDS = 
  $ ./config.status 

on goldstein

config.status:860: creating Makefile
config.status:860: creating src/Makefile
config.status:860: creating config.h
config.status:1041: config.h is unchanged
config.status:1089: executing depfiles commands

## ---------------- ##
## Cache variables. ##
## ---------------- ##

ac_cv_build=x86_64-pc-linux-gnu
ac_cv_c_compiler_gnu=yes
ac_cv_cxx_compiler_gnu=yes
ac_cv_env_CCC_set=
ac_cv_env_CCC_value=
ac_cv_env_CC_set=
ac_cv_env_CC_value=
ac_cv_env_CFLAGS_set=
ac_cv_env_CFLAGS_value=
ac_cv_env_CPPFLAGS_set=
ac_cv_env_CPPFLAGS_value=
ac_cv_env_CPP_set=
ac_cv_env_CPP_value=
ac_cv_env_CXXFLAGS_set=
ac_cv_env_CXXFLAGS_value=
ac_cv_env_CXX_set=
ac_cv_env_CXX_value=
ac_cv_env_LDFLAGS_set=
ac_cv_env_LDFLAGS_value=
ac_cv_env_LIBS_set=
ac_cv_env_LIBS_value=
ac_cv_env_build_alias_set=
ac_cv_env_build_alias_value=
ac_cv_env_host_alias_set=
ac_cv_env_host_alias_value=
ac_cv_env_target_alias_set=
ac_cv_env_target_alias_value=
ac_cv_host=x86_64-pc-linux-gnu
ac_cv_lib_crypto_ERR_load_crypto_strings=no
ac_cv_libcrypto_cppflags=
ac_cv_libcrypto_libs=-lcrypto
ac_cv_libcrypto_ltlibs=-lcrypto
ac_cv_libcrypto_prefix=
ac_cv_objext=o
ac_cv_path_EGREP='/usr/bin/grep -E'
ac_cv_path_GREP=/usr/bin/grep
ac_cv_path_install='/usr/bin/install -c'
ac_cv_path_mkdir=/usr/bin/mkdir
ac_cv_prog_AWK=gawk
ac_cv_prog_CPP='gcc -E'
ac_cv_prog_ac_ct_CC=gcc
ac_cv_prog_ac_ct_CXX=g++
ac_cv_prog_cc_c89=
ac_cv_prog_cc_g=yes
ac_cv_prog_cxx_g=yes
ac_cv_prog_make_make_set=yes
acl_cv_path_LD=/usr/bin/ld
acl_cv_prog_gnu_ld=yes
acl_cv_rpath=done
am_cv_CC_dependencies_compiler_type=none
am_cv_CXX_dependencies_compiler_type=none
am_cv_make_support_nested_variables=yes
am_cv_prog_cc_c_o=yes

## ----------------- ##
## Output variables. ##
## ----------------- ##

ACLOCAL='aclocal-1.15'
AMDEPBACKSLASH='\'
AMDEP_FALSE='#'
AMDEP_TRUE=''
AMTAR='$${TAR-tar}'
AM_BACKSLASH='\'
AM_DEFAULT_V='$(AM_DEFAULT_VERBOSITY)'
AM_DEFAULT_VERBOSITY='1'
AM_V='$(V)'
AUTOCONF='autoconf'
AUTOHEADER='autoheader'
AUTOMAKE='automake-1.15'
AWK='gawk'
CC='gcc'
CCDEPMODE='depmode=none'
CFLAGS='-g -O2'
CPP='gcc -E'
CPPFLAGS=''
CXX='g++'
CXXDEPMODE='depmode=none'
CXXFLAGS='-g -O2'
CYGPATH_W='echo'
DEFS='-DHAVE_CONFIG_H'
DEPDIR='.deps'
ECHO_C=''
ECHO_N='-n'
ECHO_T=''
EGREP='/usr/bin/grep -E'
EXEEXT=''
GREP='/usr/bin/grep'
INSTALL_DATA='${INSTALL} -m 644'
INSTALL_PROGRAM='${INSTALL}'
INSTALL_SCRIPT='${INSTALL}'
INSTALL_STRIP_PROGRAM='$(install_sh) -c -s'
LDFLAGS=''
LIBCRYPTO='-lcrypto'
LIBCRYPTO_PREFIX=''
LIBOBJS=''
LIBS=''
LTLIBCRYPTO='-lcrypto'
LTLIBOBJS=''
MAKEINFO='makeinfo'
MKDIR_P='/usr/bin/mkdir -p'
OBJEXT='o'
PACKAGE='dersubj'
PACKAGE_BUGREPORT='antoniolrt@gmail.com'
PACKAGE_NAME='dersubj'
PACKAGE_STRING='dersubj 0.1'
PACKAGE_TARNAME='dersubj'
PACKAGE_URL=''
PACKAGE_VERSION='0.1'
PATH_SEPARATOR=':'
SET_MAKE=''
SHELL='/bin/sh'
STRIP=''
VERSION='0.1'
ac_ct_CC='gcc'
ac_ct_CXX='g++'
am__EXEEXT_FALSE=''
am__EXEEXT_TRUE='#'
am__fastdepCC_FALSE=''
am__fastdepCC_TRUE='#'
am__fastdepCXX_FALSE=''
am__fastdepCXX_TRUE='#'
am__include='include'
am__isrc=''
am__leading_dot='.'
am__nodep='_no'
am__quote=''
am__tar='$${TAR-tar} chof - "$$tardir"'
am__untar='$${TAR-tar} xf -'
bindir='${exec_prefix}/bin'
build='x86_64-pc-linux-gnu'
build_alias=''
build_cpu='x86_64'
build_os='linux-gnu'
build_vendor='pc'
datadir='${datarootdir}'
datarootdir='${prefix}/share'
docdir='${datarootdir}/doc/${PACKAGE_TARNAME}'
dvidir='${docdir}'
exec_prefix='${prefix}'
host='x86_64-pc-linux-gnu'
host_alias=''
host_cpu='x86_64'
host_os='linux-gnu'
host_vendor='pc'
htmldir='${docdir}'
includedir='${prefix}/include'
infodir='${datarootdir}/info'
install_sh='${SHELL} /home/teixeira/workspace/dersubj/install-sh'
libdir='${exec_prefix}/lib'
libexecdir='${exec_prefix}/libexec'
localedir='${datarootdir}/locale'
localstatedir='${prefix}/var'
mandir='${datarootdir}/man'
mkdir_p='$(MKDIR_P)'
oldincludedir='/usr/include'
pdfdir='${docdir}'
prefix='/usr/local'
program_transform_name='s,x,x,'
psdir='${docdir}'
sbindir='${exec_prefix}/sbin'
sharedstatedir='${prefix}/com'
sysconfdir='${prefix}/etc'
target_alias=''

## ----------- ##
## confdefs.h. ##
## ----------- ##

/* confdefs.h */
#define PACKAGE_NAME "dersubj"
#define PACKAGE_TARNAME "dersubj"
#define PACKAGE_VERSION "0.1"
#define PACKAGE_STRING "dersubj 0.1"
#define PACKAGE_BUGREPORT "antoniolrt@gmail.com"
#define PACKAGE_URL ""
#define PACKAGE "dersubj"
#define VERSION "0.1"

configure: exit 0
